proguard.cfg
-keep class com.bugsense.** { *; }
-libraryjars libs/bugsense-3.5.jar