proguard_logs/seeds.txt
com.perm.DoomPlay.AbstractControls
com.perm.DoomPlay.AbstractControls: android.widget.RelativeLayout linearControls
com.perm.DoomPlay.AbstractControls: android.widget.ImageView imgPlay
com.perm.DoomPlay.AbstractControls: android.widget.ImageView imgShuffle
com.perm.DoomPlay.AbstractControls: android.widget.ImageView imgRepeat
com.perm.DoomPlay.AbstractControls: android.widget.ImageView imgNext
com.perm.DoomPlay.AbstractControls: android.widget.ImageView imgPrevious
com.perm.DoomPlay.AbstractControls: android.widget.TextView textCurrentTime
com.perm.DoomPlay.AbstractControls: android.widget.TextView textTotalTime
com.perm.DoomPlay.AbstractControls: android.widget.SeekBar seekBar
com.perm.DoomPlay.AbstractControls: boolean flagT
com.perm.DoomPlay.AbstractControls: int messageUpdate
com.perm.DoomPlay.AbstractControls: com.perm.DoomPlay.PlayingService playingService
com.perm.DoomPlay.AbstractControls: android.content.ServiceConnection serviceConnection
com.perm.DoomPlay.AbstractControls: boolean isBound
com.perm.DoomPlay.AbstractControls: android.content.Intent intentService
com.perm.DoomPlay.AbstractControls: boolean isShown
com.perm.DoomPlay.AbstractControls: java.lang.String keySaveShown
com.perm.DoomPlay.AbstractControls: android.view.View$OnClickListener onClickControlsListener
com.perm.DoomPlay.AbstractControls: android.widget.SeekBar$OnSeekBarChangeListener seekBarHandler
com.perm.DoomPlay.AbstractControls: java.lang.Runnable runnable
com.perm.DoomPlay.AbstractControls$1
com.perm.DoomPlay.AbstractControls$1: com.perm.DoomPlay.AbstractControls this$0
com.perm.DoomPlay.AbstractControls$1: AbstractControls$1(com.perm.DoomPlay.AbstractControls)
com.perm.DoomPlay.AbstractControls$1: void onServiceConnected(android.content.ComponentName,android.os.IBinder)
com.perm.DoomPlay.AbstractControls$1: void onServiceDisconnected(android.content.ComponentName)
com.perm.DoomPlay.AbstractControls$2
com.perm.DoomPlay.AbstractControls$2: com.perm.DoomPlay.AbstractControls this$0
com.perm.DoomPlay.AbstractControls$2: AbstractControls$2(com.perm.DoomPlay.AbstractControls)
com.perm.DoomPlay.AbstractControls$2: void onClick(android.view.View)
com.perm.DoomPlay.AbstractControls$3
com.perm.DoomPlay.AbstractControls$3: com.perm.DoomPlay.AbstractControls this$0
com.perm.DoomPlay.AbstractControls$3: AbstractControls$3(com.perm.DoomPlay.AbstractControls)
com.perm.DoomPlay.AbstractControls$3: void onProgressChanged(android.widget.SeekBar,int,boolean)
com.perm.DoomPlay.AbstractControls$3: void onStartTrackingTouch(android.widget.SeekBar)
com.perm.DoomPlay.AbstractControls$3: void onStopTrackingTouch(android.widget.SeekBar)
com.perm.DoomPlay.AbstractControls$4
com.perm.DoomPlay.AbstractControls$4: com.perm.DoomPlay.AbstractControls this$0
com.perm.DoomPlay.AbstractControls$4: AbstractControls$4(com.perm.DoomPlay.AbstractControls)
com.perm.DoomPlay.AbstractControls$4: void onReceive(android.content.Context,android.content.Intent)
com.perm.DoomPlay.AbstractControls$5
com.perm.DoomPlay.AbstractControls$5: com.perm.DoomPlay.AbstractControls this$0
com.perm.DoomPlay.AbstractControls$5: AbstractControls$5(com.perm.DoomPlay.AbstractControls)
com.perm.DoomPlay.AbstractControls$5: void run()
com.perm.DoomPlay.AbstractControls$6
com.perm.DoomPlay.AbstractControls$6: com.perm.DoomPlay.AbstractControls this$0
com.perm.DoomPlay.AbstractControls$6: AbstractControls$6(com.perm.DoomPlay.AbstractControls)
com.perm.DoomPlay.AbstractControls$6: void handleMessage(android.os.Message)
...
android.support.v4.app.DialogFragment: int STYLE_NORMAL
android.support.v4.app.DialogFragment: int STYLE_NO_TITLE
android.support.v4.app.DialogFragment: int STYLE_NO_FRAME
android.support.v4.app.DialogFragment: int STYLE_NO_INPUT
android.support.v4.app.DialogFragment: java.lang.String SAVED_DIALOG_STATE_TAG
android.support.v4.app.DialogFragment: java.lang.String SAVED_STYLE
android.support.v4.app.DialogFragment: java.lang.String SAVED_THEME
android.support.v4.app.DialogFragment: java.lang.String SAVED_CANCELABLE
android.support.v4.app.DialogFragment: java.lang.String SAVED_SHOWS_DIALOG
android.support.v4.app.DialogFragment: java.lang.String SAVED_BACK_STACK_ID
android.support.v4.app.DialogFragment: int mStyle
android.support.v4.app.DialogFragment: int mTheme
android.support.v4.app.DialogFragment: boolean mCancelable
android.support.v4.app.DialogFragment: boolean mShowsDialog
android.support.v4.app.DialogFragment: int mBackStackId
android.support.v4.app.DialogFragment: android.app.Dialog mDialog
android.support.v4.app.DialogFragment: boolean mViewDestroyed
android.support.v4.app.DialogFragment: boolean mDismissed
android.support.v4.app.DialogFragment: boolean mShownByMe
android.support.v4.app.DialogFragment: DialogFragment()
android.support.v4.app.DialogFragment: void setStyle(int,int)
android.support.v4.app.DialogFragment: void show(android.support.v4.app.FragmentManager,java.lang.String)
android.support.v4.app.Fragment: java.util.HashMap sClassMap
android.support.v4.app.Fragment: int INITIALIZING
android.support.v4.app.Fragment: int CREATED
android.support.v4.app.Fragment: int ACTIVITY_CREATED
android.support.v4.app.Fragment: int STOPPED
android.support.v4.app.Fragment: int STARTED
android.support.v4.app.Fragment: int RESUMED
android.support.v4.app.Fragment: int mState
android.support.v4.app.Fragment: android.view.View mAnimatingAway
android.support.v4.app.Fragment: int mStateAfterAnimating
android.support.v4.app.Fragment: android.os.Bundle mSavedFragmentState
android.support.v4.app.Fragment: android.util.SparseArray mSavedViewState
android.support.v4.app.Fragment: int mIndex
android.support.v4.app.Fragment: java.lang.String mWho
android.support.v4.app.Fragment: android.os.Bundle mArguments
android.support.v4.app.Fragment: android.support.v4.app.Fragment mTarget
android.support.v4.app.Fragment: int mTargetIndex
android.support.v4.app.Fragment: int mTargetRequestCode
android.support.v4.app.Fragment: boolean mAdded
android.support.v4.app.Fragment: boolean mRemoving
android.support.v4.app.Fragment: boolean mResumed
android.support.v4.app.Fragment: boolean mFromLayout
android.support.v4.app.Fragment: boolean mInLayout
android.support.v4.app.Fragment: boolean mRestored
android.support.v4.app.Fragment: int mBackStackNesting
android.support.v4.app.Fragment: android.support.v4.app.FragmentManagerImpl mFragmentManager
android.support.v4.app.Fragment$SavedState
android.support.v4.app.Fragment$SavedState: android.os.Parcelable$Creator CREATOR