proguard_logs/mapping.txt
com.perm.DoomPlay.AbstractControls -> com.perm.DoomPlay.AbstractControls:
    android.widget.RelativeLayout linearControls -> linearControls
    android.widget.ImageView imgPlay -> imgPlay
    android.widget.ImageView imgShuffle -> imgShuffle
    android.widget.ImageView imgRepeat -> imgRepeat
    android.widget.ImageView imgNext -> imgNext
    android.widget.ImageView imgPrevious -> imgPrevious
    android.widget.TextView textCurrentTime -> textCurrentTime
    android.widget.TextView textTotalTime -> textTotalTime
    android.widget.SeekBar seekBar -> seekBar
    boolean flagT -> flagT
    int messageUpdate -> messageUpdate
    com.perm.DoomPlay.PlayingService playingService -> playingService
    android.content.ServiceConnection serviceConnection -> serviceConnection
    boolean isBound -> isBound
    android.content.Intent intentService -> intentService
    boolean isShown -> isShown
    java.lang.String keySaveShown -> keySaveShown
    android.view.View$OnClickListener onClickControlsListener -> onClickControlsListener
    android.widget.SeekBar$OnSeekBarChangeListener seekBarHandler -> seekBarHandler
    java.lang.Runnable runnable -> runnable
    android.os.Handler handler -> handler
    void trackChanged() -> trackChanged
    void onPause() -> onPause
    void onResume() -> onResume
    void showHide() -> showHide
    void checkIsShown(android.os.Bundle) -> checkIsShown
    void checkImage() -> checkImage
    void connectService() -> connectService
com.perm.DoomPlay.AbstractControls$1 -> com.perm.DoomPlay.AbstractControls$1:
    com.perm.DoomPlay.AbstractControls this$0 -> this$0
    void onServiceConnected(android.content.ComponentName,android.os.IBinder) -> onServiceConnected
    void onServiceDisconnected(android.content.ComponentName) -> onServiceDisconnected
com.perm.DoomPlay.AbstractControls$2 -> com.perm.DoomPlay.AbstractControls$2:
    com.perm.DoomPlay.AbstractControls this$0 -> this$0
    void onClick(android.view.View) -> onClick
com.perm.DoomPlay.AbstractControls$3 -> com.perm.DoomPlay.AbstractControls$3:
    com.perm.DoomPlay.AbstractControls this$0 -> this$0
    void onProgressChanged(android.widget.SeekBar,int,boolean) -> onProgressChanged
    void onStartTrackingTouch(android.widget.SeekBar) -> onStartTrackingTouch
    void onStopTrackingTouch(android.widget.SeekBar) -> onStopTrackingTouch
com.perm.DoomPlay.AbstractControls$4 -> com.perm.DoomPlay.AbstractControls$4:
    com.perm.DoomPlay.AbstractControls this$0 -> this$0
    void onReceive(android.content.Context,android.content.Intent) -> onReceive
com.perm.DoomPlay.AbstractControls$5 -> com.perm.DoomPlay.AbstractControls$5:
    com.perm.DoomPlay.AbstractControls this$0 -> this$0
    void run() -> run
com.perm.DoomPlay.AbstractControls$6 -> com.perm.DoomPlay.AbstractControls$6:
    com.perm.DoomPlay.AbstractControls this$0 -> this$0
    void handleMessage(android.os.Message) -> handleMessage
...
android.support.v7.app.ActionBarActivityDelegateICS -> android.support.v7.app.l:
    android.view.Menu mMenu -> d
    android.support.v7.app.ActionBar createSupportActionBar() -> a
    void onCreate(android.os.Bundle) -> a
    android.view.Window$Callback createWindowCallbackWrapper(android.view.Window$Callback) -> a
    void onConfigurationChanged(android.content.res.Configuration) -> a
    void onStop() -> d
    void onPostResume() -> e
    void setContentView(android.view.View) -> a
    void setContentView(int) -> a
    void setContentView(android.view.View,android.view.ViewGroup$LayoutParams) -> a
    void addContentView(android.view.View,android.view.ViewGroup$LayoutParams) -> b
    boolean supportRequestWindowFeature(int) -> b
    android.view.View onCreatePanelView(int) -> c
    boolean onCreatePanelMenu(int,android.view.Menu) -> a
    boolean onPreparePanel(int,android.view.View,android.view.Menu) -> a
    boolean onMenuItemSelected(int,android.view.MenuItem) -> a
    void onTitleChanged(java.lang.CharSequence) -> a
    android.support.v7.view.ActionMode startSupportActionMode(android.support.v7.view.ActionMode$Callback) -> a
    void onActionModeStarted(android.view.ActionMode) -> a
    void setSupportProgressBarVisibility(boolean) -> a
    void setSupportProgressBarIndeterminateVisibility(boolean) -> b
    void setSupportProgressBarIndeterminate(boolean) -> c
    void setSupportProgress(int) -> d
    void onActionModeFinished(android.view.ActionMode) -> b
android.support.v7.app.ActionBarActivityDelegateICS$WindowCallbackWrapper -> android.support.v7.app.m:
    android.view.Window$Callback mWrapped -> a
    android.support.v7.app.ActionBarActivityDelegateICS this$0 -> b
    boolean dispatchKeyEvent(android.view.KeyEvent) -> dispatchKeyEvent
    boolean dispatchKeyShortcutEvent(android.view.KeyEvent) -> dispatchKeyShortcutEvent
    boolean dispatchTouchEvent(android.view.MotionEvent) -> dispatchTouchEvent
    boolean dispatchTrackballEvent(android.view.MotionEvent) -> dispatchTrackballEvent
    boolean dispatchGenericMotionEvent(android.view.MotionEvent) -> dispatchGenericMotionEvent
    boolean dispatchPopulateAccessibilityEvent(android.view.accessibility.AccessibilityEvent) -> dispatchPopulateAccessibilityEvent
    android.view.View onCreatePanelView(int) -> onCreatePanelView
    boolean onCreatePanelMenu(int,android.view.Menu) -> onCreatePanelMenu
    boolean onPreparePanel(int,android.view.View,android.view.Menu) -> onPreparePanel
    boolean onMenuOpened(int,android.view.Menu) -> onMenuOpened
    boolean onMenuItemSelected(int,android.view.MenuItem) -> onMenuItemSelected
    void onWindowAttributesChanged(android.view.WindowManager$LayoutParams) -> onWindowAttributesChanged
    void onContentChanged() -> onContentChanged
    void onWindowFocusChanged(boolean) -> onWindowFocusChanged
    void onAttachedToWindow() -> onAttachedToWindow
    void onDetachedFromWindow() -> onDetachedFromWindow